<?xml version="1.0" encoding="UTF-8"?>
<testsuite xmlns:xsi="http://www.w3.org/2001/XMLSchema-instance" xsi:noNamespaceSchemaLocation="https://maven.apache.org/surefire/maven-surefire-plugin/xsd/surefire-test-report-3.0.xsd" version="3.0" name="catering.businesslogic.staffmember.StaffMemberTest" time="9.007" tests="9" errors="0" skipped="0" failures="0">
  <properties>
[...]
</properties>
  <testcase name="createOccasionalStaffMemberProfileByOrganizer" classname="catering.businesslogic.staffmember.StaffMemberTest" time="0.006">
    <system-err><![CDATA[2025-06-26 12:14:40.272 [INFO] catering.persistence.PersistenceManager: Database initialized successfully from database/catering_init_sqlite.sql
2025-06-26 12:14:40.278 [INFO] catering.businesslogic.staffmember.StaffMemberTest: Adding New Occasional Staff Member Profile by Organizer
2025-06-26 12:14:40.278 [INFO] catering.businesslogic.staffmember.StaffMemberManager: Attempting login for user: giovanni.ricci@example.com
2025-06-26 12:14:40.279 [INFO] catering.businesslogic.staffmember.StaffMemberManager: StaffMember successfully logged in: giovanni.ricci@example.com
]]></system-err>
  </testcase>
  <testcase name="updateToPermanentStaffMemberProfileByOrganizer" classname="catering.businesslogic.staffmember.StaffMemberTest" time="0.006">
    <system-err><![CDATA[2025-06-26 12:14:40.283 [INFO] catering.businesslogic.staffmember.StaffMemberTest: Updating EmploymentType from Occasional to Permanent by Organizer
2025-06-26 12:14:40.283 [INFO] catering.businesslogic.staffmember.StaffMemberManager: Attempting login for user: giovanni.ricci@example.com
2025-06-26 12:14:40.284 [INFO] catering.businesslogic.staffmember.StaffMemberManager: StaffMember successfully logged in: giovanni.ricci@example.com
]]></system-err>
  </testcase>
  <testcase name="createPermanentStaffMemberProfileByOwner" classname="catering.businesslogic.staffmember.StaffMemberTest" time="0.005">
    <system-err><![CDATA[2025-06-26 12:14:40.288 [INFO] catering.businesslogic.staffmember.StaffMemberTest: Adding Permanent Staff Member by Owner
2025-06-26 12:14:40.288 [INFO] catering.businesslogic.staffmember.StaffMemberManager: Attempting login for user: chiara.bruni@example.com
2025-06-26 12:14:40.289 [INFO] catering.businesslogic.staffmember.StaffMemberManager: StaffMember successfully logged in: chiara.bruni@example.com
]]></system-err>
  </testcase>
  <testcase name="createOccasionalStaffMemberProfileByOwner" classname="catering.businesslogic.staffmember.StaffMemberTest" time="0.004">
    <system-err><![CDATA[2025-06-26 12:14:40.293 [INFO] catering.businesslogic.staffmember.StaffMemberTest: Adding Occasional Staff Member by Owner
2025-06-26 12:14:40.293 [INFO] catering.businesslogic.staffmember.StaffMemberManager: Attempting login for user: chiara.bruni@example.com
2025-06-26 12:14:40.294 [INFO] catering.businesslogic.staffmember.StaffMemberManager: StaffMember successfully logged in: chiara.bruni@example.com
]]></system-err>
  </testcase>
  <testcase name="updateEmploymentTypeByNotOrganizer" classname="catering.businesslogic.staffmember.StaffMemberTest" time="0.006">
    <system-err><![CDATA[2025-06-26 12:14:40.298 [INFO] catering.businesslogic.staffmember.StaffMemberTest: Attempt to change EmploymentType by NotOrganizer
2025-06-26 12:14:40.298 [INFO] catering.businesslogic.staffmember.StaffMemberManager: Attempting login for user: chiara.bruni@example.com
2025-06-26 12:14:40.299 [INFO] catering.businesslogic.staffmember.StaffMemberManager: StaffMember successfully logged in: chiara.bruni@example.com
2025-06-26 12:14:40.299 [INFO] catering.businesslogic.staffmember.StaffMemberManager: Attempting login for user: luca.verdi@example.com
2025-06-26 12:14:40.300 [INFO] catering.businesslogic.staffmember.StaffMemberManager: StaffMember successfully logged in: luca.verdi@example.com
]]></system-err>
  </testcase>
  <testcase name="createPermanentStaffMemberProfileByNotOrganizer" classname="catering.businesslogic.staffmember.StaffMemberTest" time="0.005">
    <system-err><![CDATA[2025-06-26 12:14:40.304 [INFO] catering.businesslogic.staffmember.StaffMemberTest: Attempt to add Permanent Staff Member by NotOrganizer
2025-06-26 12:14:40.304 [INFO] catering.businesslogic.staffmember.StaffMemberManager: Attempting login for user: luca.verdi@example.com
2025-06-26 12:14:40.305 [INFO] catering.businesslogic.staffmember.StaffMemberManager: StaffMember successfully logged in: luca.verdi@example.com
]]></system-err>
  </testcase>
  <testcase name="createPermanentStaffMemberProfileByOrganizer" classname="catering.businesslogic.staffmember.StaffMemberTest" time="0.004">
    <system-err><![CDATA[2025-06-26 12:14:40.309 [INFO] catering.businesslogic.staffmember.StaffMemberTest: Adding New Permanent Staff Member Profile by Organizer
2025-06-26 12:14:40.309 [INFO] catering.businesslogic.staffmember.StaffMemberManager: Attempting login for user: giovanni.ricci@example.com
2025-06-26 12:14:40.310 [INFO] catering.businesslogic.staffmember.StaffMemberManager: StaffMember successfully logged in: giovanni.ricci@example.com
]]></system-err>
  </testcase>
  <testcase name="updateEmploymentTypeByOwner" classname="catering.businesslogic.staffmember.StaffMemberTest" time="0.004">
    <system-err><![CDATA[2025-06-26 12:14:40.314 [INFO] catering.businesslogic.staffmember.StaffMemberTest: Changing EmploymentType by Owner
2025-06-26 12:14:40.314 [INFO] catering.businesslogic.staffmember.StaffMemberManager: Attempting login for user: chiara.bruni@example.com
2025-06-26 12:14:40.315 [INFO] catering.businesslogic.staffmember.StaffMemberManager: StaffMember successfully logged in: chiara.bruni@example.com
]]></system-err>
  </testcase>
  <testcase name="createOccasionalStaffMemberProfileByNotOrganizer" classname="catering.businesslogic.staffmember.StaffMemberTest" time="0.004">
    <system-err><![CDATA[2025-06-26 12:14:40.319 [INFO] catering.businesslogic.staffmember.StaffMemberTest: Attempt to add Occasional Staff Member by NotOrganizer
2025-06-26 12:14:40.319 [INFO] catering.businesslogic.staffmember.StaffMemberManager: Attempting login for user: luca.verdi@example.com
2025-06-26 12:14:40.320 [INFO] catering.businesslogic.staffmember.StaffMemberManager: StaffMember successfully logged in: luca.verdi@example.com
]]></system-err>
  </testcase>
</testsuite>